myapp/build/app/intermediates/manifest_merge_blame_file/debug/manifest-merger-blame-debug-report.txt
1<?xml version="1.0" encoding="utf-8"?>
2<manifest xmlns:android="http://schemas.android.com/apk/res/android"
3    package="com.example.beela"
4    android:versionCode="1"
5    android:versionName="1.0.0" >
6
7    <uses-sdk
8        android:minSdkVersion="16"
9        android:targetSdkVersion="28" />
10    <!--
11         Flutter needs it to communicate with the running application
12         to allow setting breakpoints, to provide hot reload, etc.
13    -->
14    <uses-permission android:name="android.permission.INTERNET" />
14-->src\debug\AndroidManifest.xml:6:5-66
14-->src\debug\AndroidManifest.xml:6:22-64
15    <!--
16     io.flutter.app.FlutterApplication is an android.app.Application that
17         calls FlutterMain.startInitialization(this); in its onCreate method.
18         In most cases you can leave this as-is, but you if you want to provide
19         additional functionality it is fine to subclass or reimplement
20         FlutterApplication and put your custom class here.
21    -->
22    <application
22-->src\main\AndroidManifest.xml:8:5-49:19
23        android:name="io.flutter.app.FlutterApplication"
23-->src\main\AndroidManifest.xml:9:9-57
24        android:appComponentFactory="androidx.core.app.CoreComponentFactory"
24-->[androidx.core:core:1.0.0] AndroidManifest.xml:22:18-86
25        android:debuggable="true"
26        android:icon="@mipmap/ic_launcher"
26-->src\main\AndroidManifest.xml:11:9-43
27        android:label="beela"
27-->src\main\AndroidManifest.xml:10:9-30
28        android:supportsRtl="true" >
28-->[com.facebook.android:facebook-login:4.39.0] AndroidManifest.xml:28:18-44
29        <activity
29-->src\main\AndroidManifest.xml:12:9-23:20
30            android:name="com.example.beela.MainActivity"
30-->src\main\AndroidManifest.xml:13:13-41
31            android:configChanges="orientation|keyboardHidden|keyboard|screenSize|smallestScreenSize|locale|layoutDirection|fontScale|screenLayout|density|uiMode"
31-->src\main\AndroidManifest.xml:16:13-163
32            android:hardwareAccelerated="true"
32-->src\main\AndroidManifest.xml:17:13-47
33            android:launchMode="singleTop"
33-->src\main\AndroidManifest.xml:14:13-43
34            android:theme="@style/LaunchTheme"
34-->src\main\AndroidManifest.xml:15:13-47
35            android:windowSoftInputMode="adjustResize" >
35-->src\main\AndroidManifest.xml:18:13-55
36            <intent-filter>
36-->src\main\AndroidManifest.xml:19:13-22:29
37                <action android:name="android.intent.action.MAIN" />
37-->src\main\AndroidManifest.xml:20:17-68
37-->src\main\AndroidManifest.xml:20:25-66
38
39                <category android:name="android.intent.category.LAUNCHER" />
39-->src\main\AndroidManifest.xml:21:17-76
39-->src\main\AndroidManifest.xml:21:27-74
40            </intent-filter>
41        </activity>
42        <!-- Facebook Login configuration -->
43        <meta-data
43-->src\main\AndroidManifest.xml:25:9-26:54
44            android:name="com.facebook.sdk.ApplicationId"
44-->src\main\AndroidManifest.xml:25:20-65
45            android:value="@string/facebook_app_id" />
45-->src\main\AndroidManifest.xml:26:13-52
46
47        <activity
47-->src\main\AndroidManifest.xml:28:9-33:15
48            android:name="com.facebook.FacebookActivity"
48-->src\main\AndroidManifest.xml:28:19-63
49            android:configChanges="keyboard|keyboardHidden|screenLayout|screenSize|orientation"
49-->src\main\AndroidManifest.xml:29:13-114
50            android:exported="true"
50-->src\main\AndroidManifest.xml:32:13-36
51            android:label="@string/app_name"
51-->src\main\AndroidManifest.xml:31:13-45
52            android:theme="@style/com_facebook_activity_theme" />
52-->[com.facebook.android:facebook-common:4.39.0] AndroidManifest.xml:32:13-63
53        <activity
53-->src\main\AndroidManifest.xml:34:9-43:20
54            android:name="com.facebook.CustomTabActivity"
54-->src\main\AndroidManifest.xml:35:13-58
55            android:exported="true" >
55-->src\main\AndroidManifest.xml:36:13-36
56            <intent-filter>
56-->src\main\AndroidManifest.xml:37:13-42:29
57                <action android:name="android.intent.action.VIEW" />
57-->src\main\AndroidManifest.xml:38:17-69
57-->src\main\AndroidManifest.xml:38:25-66
58
59                <category android:name="android.intent.category.DEFAULT" />
59-->src\main\AndroidManifest.xml:39:17-76
59-->src\main\AndroidManifest.xml:39:27-73
60                <category android:name="android.intent.category.BROWSABLE" />
60-->src\main\AndroidManifest.xml:40:17-78
60-->src\main\AndroidManifest.xml:40:27-75
61
62                <data android:scheme="@string/fb_login_protocol_scheme" />
62-->src\main\AndroidManifest.xml:41:17-75
62-->src\main\AndroidManifest.xml:41:23-72
63            </intent-filter>
64        </activity>
65        <!--
66             Don't delete the meta-data below.
67             This is used by the Flutter tool to generate GeneratedPluginRegistrant.java
68        -->
69        <meta-data
69-->src\main\AndroidManifest.xml:46:9-48:33
70            android:name="flutterEmbedding"
70-->src\main\AndroidManifest.xml:47:13-44
71            android:value="2" />
71-->src\main\AndroidManifest.xml:48:13-30
72
73        <activity android:name="com.facebook.CustomTabMainActivity" />
73-->[com.facebook.android:facebook-common:4.39.0] AndroidManifest.xml:33:9-71
73-->[com.facebook.android:facebook-common:4.39.0] AndroidManifest.xml:33:19-68
74        <!--
75         The initialization ContentProvider will call FacebookSdk.sdkInitialize automatically
76         with the application context. This config is merged in with the host app's manifest,
77         but there can only be one provider with the same authority activated at any given
78         point; so if the end user has two or more different apps that use Facebook SDK, only the
79         first one will be able to use the provider. To work around this problem, we use the
80         following placeholder in the authority to identify each host application as if it was
81         a completely different provider.
82        -->
83        <provider
83-->[com.facebook.android:facebook-core:4.39.0] AndroidManifest.xml:39:9-42:40
84            android:name="com.facebook.internal.FacebookInitProvider"
84-->[com.facebook.android:facebook-core:4.39.0] AndroidManifest.xml:40:13-70
85            android:authorities="com.example.beela.FacebookInitProvider"
85-->[com.facebook.android:facebook-core:4.39.0] AndroidManifest.xml:41:13-72
86            android:exported="false" />
86-->[com.facebook.android:facebook-core:4.39.0] AndroidManifest.xml:42:13-37
87
88        <receiver
88-->[com.facebook.android:facebook-core:4.39.0] AndroidManifest.xml:44:9-50:20
89            android:name="com.facebook.CurrentAccessTokenExpirationBroadcastReceiver"
89-->[com.facebook.android:facebook-core:4.39.0] AndroidManifest.xml:45:13-86
90            android:exported="false" >
90-->[com.facebook.android:facebook-core:4.39.0] AndroidManifest.xml:46:13-37
91            <intent-filter>
91-->[com.facebook.android:facebook-core:4.39.0] AndroidManifest.xml:47:13-49:29
92                <action android:name="com.facebook.sdk.ACTION_CURRENT_ACCESS_TOKEN_CHANGED" />
92-->[com.facebook.android:facebook-core:4.39.0] AndroidManifest.xml:48:17-95
92-->[com.facebook.android:facebook-core:4.39.0] AndroidManifest.xml:48:25-92
93            </intent-filter>
94        </receiver>
95    </application>
96
97</manifest>